2018-06-21 00:55:48,079 INFO [default] Active Filaments library initialized
2018-06-21 00:55:49,884 INFO [default] [ 1 ] Wrote particles to test.xyz
2018-06-21 00:56:34,142 INFO [default] Active Filaments library initialized
2018-06-21 00:56:38,403 INFO [default] [ 1 ] Wrote particles to test.xyz
2018-06-21 00:56:42,606 INFO [default] [ 2 ] Wrote particles to test.xyz
2018-06-21 00:56:46,891 INFO [default] [ 3 ] Wrote particles to test.xyz
2018-06-21 00:56:51,109 INFO [default] [ 4 ] Wrote particles to test.xyz
2018-06-21 00:56:55,312 INFO [default] [ 5 ] Wrote particles to test.xyz
2018-06-21 00:56:59,484 INFO [default] [ 6 ] Wrote particles to test.xyz
2018-06-21 00:57:03,624 INFO [default] [ 7 ] Wrote particles to test.xyz
2018-06-21 00:58:44,791 INFO [default] Active Filaments library initialized
2018-06-21 00:58:44,806 ERROR [default] Simulation space is completely full.
2018-06-21 00:58:44,806 INFO [default] Please retry with less filaments or a large box.
2018-06-21 00:58:44,806 INFO [default] particle: 13000
2018-06-21 00:58:44,806 INFO [default] filament: 1300
2018-06-21 00:58:44,806 INFO [default] local:    0
2018-06-21 00:58:49,465 INFO [default] Active Filaments library initialized
2018-06-21 00:58:52,964 INFO [default] [ 1 ] Wrote particles to test.xyz
2018-06-21 00:58:55,682 INFO [default] [ 2 ] Wrote particles to test.xyz
2018-06-21 00:58:58,385 INFO [default] [ 3 ] Wrote particles to test.xyz
2018-06-21 00:59:01,088 INFO [default] [ 4 ] Wrote particles to test.xyz
2018-06-21 00:59:03,807 INFO [default] [ 5 ] Wrote particles to test.xyz
2018-06-21 00:59:06,681 INFO [default] [ 6 ] Wrote particles to test.xyz
2018-06-21 00:59:09,619 INFO [default] [ 7 ] Wrote particles to test.xyz
2018-06-21 00:59:12,322 INFO [default] [ 8 ] Wrote particles to test.xyz
2018-06-21 00:59:15,368 INFO [default] [ 9 ] Wrote particles to test.xyz
2018-06-21 00:59:18,556 INFO [default] [ 10 ] Wrote particles to test.xyz
2018-06-21 00:59:21,274 INFO [default] [ 11 ] Wrote particles to test.xyz
2018-06-21 00:59:24,383 INFO [default] [ 12 ] Wrote particles to test.xyz
2018-06-21 00:59:27,055 INFO [default] [ 13 ] Wrote particles to test.xyz
2018-06-21 00:59:29,805 INFO [default] [ 14 ] Wrote particles to test.xyz
2018-06-21 00:59:32,508 INFO [default] [ 15 ] Wrote particles to test.xyz
2018-06-21 00:59:35,508 INFO [default] [ 16 ] Wrote particles to test.xyz
2018-06-21 00:59:38,195 INFO [default] [ 17 ] Wrote particles to test.xyz
2018-06-21 00:59:40,882 INFO [default] [ 18 ] Wrote particles to test.xyz
2018-06-21 00:59:43,648 INFO [default] [ 19 ] Wrote particles to test.xyz
2018-06-21 00:59:46,319 INFO [default] [ 20 ] Wrote particles to test.xyz
2018-06-21 00:59:49,397 INFO [default] [ 21 ] Wrote particles to test.xyz
2018-06-21 00:59:52,491 INFO [default] [ 22 ] Wrote particles to test.xyz
2018-06-21 00:59:55,209 INFO [default] [ 23 ] Wrote particles to test.xyz
2018-06-21 00:59:58,350 INFO [default] [ 24 ] Wrote particles to test.xyz
2018-06-21 01:00:01,381 INFO [default] [ 25 ] Wrote particles to test.xyz
2018-06-21 01:00:04,084 INFO [default] [ 26 ] Wrote particles to test.xyz
2018-06-21 01:00:06,802 INFO [default] [ 27 ] Wrote particles to test.xyz
2018-06-21 01:00:09,677 INFO [default] [ 28 ] Wrote particles to test.xyz
2018-06-21 01:00:12,411 INFO [default] [ 29 ] Wrote particles to test.xyz
2018-06-21 01:00:15,442 INFO [default] [ 30 ] Wrote particles to test.xyz
2018-06-21 01:00:18,427 INFO [default] [ 31 ] Wrote particles to test.xyz
2018-06-21 01:00:21,114 INFO [default] [ 32 ] Wrote particles to test.xyz
2018-06-21 01:00:23,801 INFO [default] [ 33 ] Wrote particles to test.xyz
2018-06-21 01:00:26,520 INFO [default] [ 34 ] Wrote particles to test.xyz
2018-06-21 01:00:29,176 INFO [default] [ 35 ] Wrote particles to test.xyz
2018-06-21 01:00:31,910 INFO [default] [ 36 ] Wrote particles to test.xyz
2018-06-21 01:00:34,631 INFO [default] [ 37 ] Wrote particles to test.xyz
2018-06-21 01:00:37,535 INFO [default] [ 38 ] Wrote particles to test.xyz
2018-06-21 01:00:40,222 INFO [default] [ 39 ] Wrote particles to test.xyz
2018-06-21 01:00:42,910 INFO [default] [ 40 ] Wrote particles to test.xyz
2018-06-21 01:00:45,613 INFO [default] [ 41 ] Wrote particles to test.xyz
2018-06-21 01:00:48,300 INFO [default] [ 42 ] Wrote particles to test.xyz
2018-06-21 01:00:50,940 INFO [default] [ 43 ] Wrote particles to test.xyz
2018-06-21 01:00:53,768 INFO [default] [ 44 ] Wrote particles to test.xyz
2018-06-21 01:00:56,409 INFO [default] [ 45 ] Wrote particles to test.xyz
2018-06-21 01:00:59,065 INFO [default] [ 46 ] Wrote particles to test.xyz
2018-06-21 01:01:01,705 INFO [default] [ 47 ] Wrote particles to test.xyz
2018-06-21 01:01:04,377 INFO [default] [ 48 ] Wrote particles to test.xyz
2018-06-21 01:01:07,439 INFO [default] [ 49 ] Wrote particles to test.xyz
2018-06-21 01:01:10,111 INFO [default] [ 50 ] Wrote particles to test.xyz
2018-06-21 01:01:12,830 INFO [default] [ 51 ] Wrote particles to test.xyz
2018-06-21 01:01:15,532 INFO [default] [ 52 ] Wrote particles to test.xyz
2018-06-21 01:01:18,235 INFO [default] [ 53 ] Wrote particles to test.xyz
2018-06-21 01:01:20,954 INFO [default] [ 54 ] Wrote particles to test.xyz
2018-06-21 01:01:23,735 INFO [default] [ 55 ] Wrote particles to test.xyz
2018-06-21 01:01:26,641 INFO [default] [ 56 ] Wrote particles to test.xyz
2018-06-21 01:01:29,407 INFO [default] [ 57 ] Wrote particles to test.xyz
2018-06-21 01:01:32,547 INFO [default] [ 58 ] Wrote particles to test.xyz
2018-06-21 01:01:35,531 INFO [default] [ 59 ] Wrote particles to test.xyz
2018-06-21 01:01:38,297 INFO [default] [ 60 ] Wrote particles to test.xyz
2018-06-21 01:01:40,906 INFO [default] [ 61 ] Wrote particles to test.xyz
2018-06-21 01:01:43,593 INFO [default] [ 62 ] Wrote particles to test.xyz
2018-06-21 01:01:46,593 INFO [default] [ 63 ] Wrote particles to test.xyz
2018-06-21 01:01:49,265 INFO [default] [ 64 ] Wrote particles to test.xyz
2018-06-21 01:01:51,936 INFO [default] [ 65 ] Wrote particles to test.xyz
2018-06-21 01:01:54,889 INFO [default] [ 66 ] Wrote particles to test.xyz
2018-06-21 01:01:57,686 INFO [default] [ 67 ] Wrote particles to test.xyz
2018-06-21 01:02:00,670 INFO [default] [ 68 ] Wrote particles to test.xyz
2018-06-21 01:02:03,357 INFO [default] [ 69 ] Wrote particles to test.xyz
2018-06-21 01:02:06,404 INFO [default] [ 70 ] Wrote particles to test.xyz
2018-06-21 01:02:09,498 INFO [default] [ 71 ] Wrote particles to test.xyz
2018-06-21 01:02:12,591 INFO [default] [ 72 ] Wrote particles to test.xyz
2018-06-21 01:02:15,575 INFO [default] [ 73 ] Wrote particles to test.xyz
2018-06-21 01:02:18,247 INFO [default] [ 74 ] Wrote particles to test.xyz
2018-06-21 01:02:20,950 INFO [default] [ 75 ] Wrote particles to test.xyz
2018-06-21 01:02:23,825 INFO [default] [ 76 ] Wrote particles to test.xyz
2018-06-21 01:02:26,543 INFO [default] [ 77 ] Wrote particles to test.xyz
2018-06-21 01:02:29,528 INFO [default] [ 78 ] Wrote particles to test.xyz
2018-06-21 01:02:32,512 INFO [default] [ 79 ] Wrote particles to test.xyz
2018-06-21 01:02:35,261 INFO [default] [ 80 ] Wrote particles to test.xyz
2018-06-21 01:02:38,011 INFO [default] [ 81 ] Wrote particles to test.xyz
2018-06-21 01:02:40,699 INFO [default] [ 82 ] Wrote particles to test.xyz
2018-06-21 01:02:43,355 INFO [default] [ 83 ] Wrote particles to test.xyz
2018-06-21 01:02:46,401 INFO [default] [ 84 ] Wrote particles to test.xyz
2018-06-21 01:02:49,089 INFO [default] [ 85 ] Wrote particles to test.xyz
2018-06-21 01:02:52,010 INFO [default] [ 86 ] Wrote particles to test.xyz
2018-06-21 01:02:54,698 INFO [default] [ 87 ] Wrote particles to test.xyz
2018-06-21 01:02:57,416 INFO [default] [ 88 ] Wrote particles to test.xyz
2018-06-21 01:03:00,119 INFO [default] [ 89 ] Wrote particles to test.xyz
2018-06-21 01:03:02,978 INFO [default] [ 90 ] Wrote particles to test.xyz
2018-06-21 01:03:05,666 INFO [default] [ 91 ] Wrote particles to test.xyz
2018-06-21 01:03:08,619 INFO [default] [ 92 ] Wrote particles to test.xyz
2018-06-21 01:03:11,337 INFO [default] [ 93 ] Wrote particles to test.xyz
2018-06-21 01:03:14,040 INFO [default] [ 94 ] Wrote particles to test.xyz
2018-06-21 01:03:16,837 INFO [default] [ 95 ] Wrote particles to test.xyz
2018-06-21 01:03:19,524 INFO [default] [ 96 ] Wrote particles to test.xyz
2018-06-21 01:03:22,227 INFO [default] [ 97 ] Wrote particles to test.xyz
2018-06-21 01:03:24,946 INFO [default] [ 98 ] Wrote particles to test.xyz
2018-06-21 01:03:27,680 INFO [default] [ 99 ] Wrote particles to test.xyz
2018-06-21 01:03:30,383 INFO [default] [ 100 ] Wrote particles to test.xyz
2018-06-21 01:15:41,413 INFO [default] Active Filaments library initialized
2018-06-21 01:15:45,291 INFO [default] [ 1 ] Wrote particles to test.xyz
2018-06-21 01:15:48,056 INFO [default] [ 2 ] Wrote particles to test.xyz
2018-06-21 01:15:51,228 INFO [default] [ 3 ] Wrote particles to test.xyz
2018-06-21 01:15:54,478 INFO [default] [ 4 ] Wrote particles to test.xyz
2018-06-21 01:15:57,527 INFO [default] [ 5 ] Wrote particles to test.xyz
2018-06-21 01:16:00,636 INFO [default] [ 6 ] Wrote particles to test.xyz
2018-06-21 01:16:03,793 INFO [default] [ 7 ] Wrote particles to test.xyz
2018-06-21 01:16:06,742 INFO [default] [ 8 ] Wrote particles to test.xyz
2018-06-21 01:16:09,796 INFO [default] [ 9 ] Wrote particles to test.xyz
2018-06-21 01:17:08,417 INFO [default] Active Filaments library initialized
2018-06-21 01:17:14,672 INFO [default] [ 1 ] Wrote particles to test.xyz
2018-06-21 01:20:38,283 INFO [default] Active Filaments library initialized
2018-06-21 01:20:43,685 INFO [default] [ 1 ] Wrote particles to test.xyz
2018-06-21 01:24:01,401 INFO [default] Active Filaments library initialized
2018-06-21 01:24:06,056 INFO [default] [ 1 ] Wrote particles to test.xyz
2018-06-21 01:24:48,791 INFO [default] Active Filaments library initialized
2018-06-21 01:24:51,412 INFO [default] [ 1 ] Wrote particles to test.xyz
2018-06-21 01:26:33,276 INFO [default] Active Filaments library initialized
2018-06-21 01:26:37,240 INFO [default] [ 1 ] Wrote particles to test.xyz
2018-06-21 01:30:57,233 INFO [default] Active Filaments library initialized
2018-06-21 01:31:01,296 INFO [default] [ 1 ] Wrote particles to test.xyz
2018-06-21 01:37:30,696 INFO [default] Active Filaments library initialized
2018-06-21 01:37:33,302 INFO [default] [ 1 ] Wrote particles to test.xyz
2018-06-21 01:37:34,616 INFO [default] [ 2 ] Wrote particles to test.xyz
2018-06-21 01:37:35,913 INFO [default] [ 3 ] Wrote particles to test.xyz
2018-06-21 01:37:37,194 INFO [default] [ 4 ] Wrote particles to test.xyz
2018-06-21 09:16:20,520 INFO [default] Active Filaments library initialized
2018-06-21 09:16:26,098 INFO [default] [ 1 ] Wrote particles to test.xyz
2018-06-21 09:17:30,243 INFO [default] Active Filaments library initialized
2018-06-21 09:17:33,556 INFO [default] [ 1 ] Wrote particles to test.xyz
2018-06-21 09:17:34,890 INFO [default] [ 2 ] Wrote particles to test.xyz
2018-06-21 09:17:36,214 INFO [default] [ 3 ] Wrote particles to test.xyz
2018-06-21 09:17:37,530 INFO [default] [ 4 ] Wrote particles to test.xyz
2018-06-21 09:24:03,831 INFO [default] Active Filaments library initialized
2018-06-21 09:24:06,973 INFO [default] [ 1 ] Wrote particles to test.xyz
2018-06-21 09:24:08,335 INFO [default] [ 2 ] Wrote particles to test.xyz
2018-06-21 09:24:09,660 INFO [default] [ 3 ] Wrote particles to test.xyz
2018-06-21 09:24:11,997 INFO [default] [ 4 ] Wrote particles to test.xyz
2018-06-21 09:24:12,321 INFO [default] [ 5 ] Wrote particles to test.xyz
2018-06-21 09:24:13,649 INFO [default] [ 6 ] Wrote particles to test.xyz
2018-06-21 09:27:59,243 INFO [default] Active Filaments library initialized
2018-06-21 09:27:59,923 INFO [default] [ 1 ] Wrote particles to test.xyz
2018-06-21 09:28:01,340 INFO [default] [ 2 ] Wrote particles to test.xyz
2018-06-21 09:28:02,705 INFO [default] [ 3 ] Wrote particles to test.xyz
2018-06-21 09:28:33,053 INFO [default] Active Filaments library initialized
2018-06-21 09:28:37,335 INFO [default] [ 1 ] Wrote particles to test.xyz
2018-06-21 09:31:28,437 INFO [default] Active Filaments library initialized
2018-06-21 09:31:57,082 INFO [default] Active Filaments library initialized
2018-06-21 09:32:00,839 INFO [default] [ 1 ] Wrote particles to test.xyz
2018-06-21 09:34:36,544 INFO [default] Active Filaments library initialized
2018-06-21 09:34:42,524 INFO [default] [ 1 ] Wrote particles to test.xyz
2018-06-21 09:36:13,912 INFO [default] Active Filaments library initialized
2018-06-21 09:36:17,802 INFO [default] [ 1 ] Wrote particles to test.xyz
2018-06-21 09:40:39,674 INFO [default] Active Filaments library initialized
2018-06-21 09:40:42,746 INFO [default] [ 1 ] Wrote particles to test.xyz
2018-06-21 09:40:44,160 INFO [default] [ 2 ] Wrote particles to test.xyz
2018-06-21 09:40:45,558 INFO [default] [ 3 ] Wrote particles to test.xyz
2018-06-21 09:41:51,631 INFO [default] Active Filaments library initialized
2018-06-21 09:41:52,475 INFO [default] [ 1 ] Wrote particles to test.xyz
2018-06-21 09:41:54,011 INFO [default] [ 2 ] Wrote particles to test.xyz
2018-06-21 09:41:55,528 INFO [default] [ 3 ] Wrote particles to test.xyz
2018-06-21 09:41:57,034 INFO [default] [ 4 ] Wrote particles to test.xyz
2018-06-21 09:41:58,508 INFO [default] [ 5 ] Wrote particles to test.xyz
2018-06-21 09:42:00,026 INFO [default] [ 6 ] Wrote particles to test.xyz
2018-06-21 09:42:01,524 INFO [default] [ 7 ] Wrote particles to test.xyz
2018-06-21 09:42:03,006 INFO [default] [ 8 ] Wrote particles to test.xyz
2018-06-21 09:42:04,502 INFO [default] [ 9 ] Wrote particles to test.xyz
2018-06-21 09:42:05,988 INFO [default] [ 10 ] Wrote particles to test.xyz
2018-06-21 09:42:07,509 INFO [default] [ 11 ] Wrote particles to test.xyz
2018-06-21 09:42:09,195 INFO [default] [ 12 ] Wrote particles to test.xyz
2018-06-21 09:42:10,670 INFO [default] [ 13 ] Wrote particles to test.xyz
2018-06-21 09:42:12,095 INFO [default] [ 14 ] Wrote particles to test.xyz
2018-06-21 09:42:13,505 INFO [default] [ 15 ] Wrote particles to test.xyz
2018-06-21 09:42:15,732 INFO [default] [ 16 ] Wrote particles to test.xyz
2018-06-21 09:42:17,139 INFO [default] [ 17 ] Wrote particles to test.xyz
2018-06-21 09:42:18,560 INFO [default] [ 18 ] Wrote particles to test.xyz
2018-06-21 09:42:19,972 INFO [default] [ 19 ] Wrote particles to test.xyz
2018-06-21 09:42:21,496 INFO [default] [ 20 ] Wrote particles to test.xyz
2018-06-21 09:42:22,916 INFO [default] [ 21 ] Wrote particles to test.xyz
2018-06-21 09:42:24,337 INFO [default] [ 22 ] Wrote particles to test.xyz
2018-06-21 09:42:25,898 INFO [default] [ 23 ] Wrote particles to test.xyz
2018-06-21 09:42:27,512 INFO [default] [ 24 ] Wrote particles to test.xyz
2018-06-21 09:42:28,984 INFO [default] [ 25 ] Wrote particles to test.xyz
2018-06-21 09:42:30,455 INFO [default] [ 26 ] Wrote particles to test.xyz
2018-06-21 09:42:31,860 INFO [default] [ 27 ] Wrote particles to test.xyz
2018-06-21 09:42:33,276 INFO [default] [ 28 ] Wrote particles to test.xyz
2018-06-21 09:42:34,709 INFO [default] [ 29 ] Wrote particles to test.xyz
2018-06-21 09:42:36,164 INFO [default] [ 30 ] Wrote particles to test.xyz
2018-06-21 09:42:37,596 INFO [default] [ 31 ] Wrote particles to test.xyz
2018-06-21 09:42:39,060 INFO [default] [ 32 ] Wrote particles to test.xyz
2018-06-21 09:42:40,525 INFO [default] [ 33 ] Wrote particles to test.xyz
2018-06-21 09:42:41,959 INFO [default] [ 34 ] Wrote particles to test.xyz
2018-06-21 09:42:43,408 INFO [default] [ 35 ] Wrote particles to test.xyz
2018-06-21 09:42:44,828 INFO [default] [ 36 ] Wrote particles to test.xyz
2018-06-21 09:42:46,280 INFO [default] [ 37 ] Wrote particles to test.xyz
2018-06-21 09:42:47,701 INFO [default] [ 38 ] Wrote particles to test.xyz
2018-06-21 09:42:49,161 INFO [default] [ 39 ] Wrote particles to test.xyz
2018-06-21 09:42:50,679 INFO [default] [ 40 ] Wrote particles to test.xyz
2018-06-21 09:42:52,122 INFO [default] [ 41 ] Wrote particles to test.xyz
2018-06-21 09:42:53,600 INFO [default] [ 42 ] Wrote particles to test.xyz
2018-06-21 09:42:55,102 INFO [default] [ 43 ] Wrote particles to test.xyz
2018-06-21 09:42:56,628 INFO [default] [ 44 ] Wrote particles to test.xyz
2018-06-21 09:42:58,154 INFO [default] [ 45 ] Wrote particles to test.xyz
2018-06-21 09:42:59,677 INFO [default] [ 46 ] Wrote particles to test.xyz
2018-06-21 09:43:01,216 INFO [default] [ 47 ] Wrote particles to test.xyz
2018-06-21 09:43:02,744 INFO [default] [ 48 ] Wrote particles to test.xyz
2018-06-21 09:43:04,244 INFO [default] [ 49 ] Wrote particles to test.xyz
2018-06-21 09:43:05,740 INFO [default] [ 50 ] Wrote particles to test.xyz
2018-06-21 09:43:07,277 INFO [default] [ 51 ] Wrote particles to test.xyz
2018-06-21 09:43:08,792 INFO [default] [ 52 ] Wrote particles to test.xyz
2018-06-21 09:43:10,305 INFO [default] [ 53 ] Wrote particles to test.xyz
2018-06-21 09:43:11,855 INFO [default] [ 54 ] Wrote particles to test.xyz
2018-06-21 09:43:13,406 INFO [default] [ 55 ] Wrote particles to test.xyz
2018-06-21 09:43:15,059 INFO [default] [ 56 ] Wrote particles to test.xyz
2018-06-21 09:43:16,672 INFO [default] [ 57 ] Wrote particles to test.xyz
2018-06-21 09:43:18,254 INFO [default] [ 58 ] Wrote particles to test.xyz
2018-06-21 09:43:19,887 INFO [default] [ 59 ] Wrote particles to test.xyz
2018-06-21 09:43:21,496 INFO [default] [ 60 ] Wrote particles to test.xyz
2018-06-21 09:43:23,100 INFO [default] [ 61 ] Wrote particles to test.xyz
2018-06-21 09:43:24,703 INFO [default] [ 62 ] Wrote particles to test.xyz
2018-06-21 09:43:26,307 INFO [default] [ 63 ] Wrote particles to test.xyz
2018-06-21 09:43:27,909 INFO [default] [ 64 ] Wrote particles to test.xyz
2018-06-21 09:43:29,515 INFO [default] [ 65 ] Wrote particles to test.xyz
2018-06-21 09:43:31,130 INFO [default] [ 66 ] Wrote particles to test.xyz
2018-06-21 09:43:32,742 INFO [default] [ 67 ] Wrote particles to test.xyz
2018-06-21 09:43:34,394 INFO [default] [ 68 ] Wrote particles to test.xyz
2018-06-21 09:43:36,060 INFO [default] [ 69 ] Wrote particles to test.xyz
2018-06-21 09:43:37,730 INFO [default] [ 70 ] Wrote particles to test.xyz
2018-06-21 09:43:39,393 INFO [default] [ 71 ] Wrote particles to test.xyz
2018-06-21 09:43:41,070 INFO [default] [ 72 ] Wrote particles to test.xyz
2018-06-21 09:43:42,749 INFO [default] [ 73 ] Wrote particles to test.xyz
2018-06-21 09:43:44,426 INFO [default] [ 74 ] Wrote particles to test.xyz
2018-06-21 09:43:46,104 INFO [default] [ 75 ] Wrote particles to test.xyz
2018-06-21 09:43:47,774 INFO [default] [ 76 ] Wrote particles to test.xyz
2018-06-21 09:43:49,444 INFO [default] [ 77 ] Wrote particles to test.xyz
2018-06-21 09:43:51,139 INFO [default] [ 78 ] Wrote particles to test.xyz
2018-06-21 09:43:52,845 INFO [default] [ 79 ] Wrote particles to test.xyz
2018-06-21 09:43:54,565 INFO [default] [ 80 ] Wrote particles to test.xyz
2018-06-21 09:43:56,280 INFO [default] [ 81 ] Wrote particles to test.xyz
2018-06-21 09:43:58,001 INFO [default] [ 82 ] Wrote particles to test.xyz
2018-06-21 09:43:59,752 INFO [default] [ 83 ] Wrote particles to test.xyz
2018-06-21 09:44:01,516 INFO [default] [ 84 ] Wrote particles to test.xyz
2018-06-21 09:44:03,329 INFO [default] [ 85 ] Wrote particles to test.xyz
2018-06-21 09:44:05,109 INFO [default] [ 86 ] Wrote particles to test.xyz
2018-06-21 09:44:06,984 INFO [default] [ 87 ] Wrote particles to test.xyz
2018-06-21 09:44:08,871 INFO [default] [ 88 ] Wrote particles to test.xyz
2018-06-21 09:44:10,766 INFO [default] [ 89 ] Wrote particles to test.xyz
2018-06-21 09:44:12,678 INFO [default] [ 90 ] Wrote particles to test.xyz
2018-06-21 09:44:14,573 INFO [default] [ 91 ] Wrote particles to test.xyz
2018-06-21 09:44:16,462 INFO [default] [ 92 ] Wrote particles to test.xyz
2018-06-21 09:44:18,341 INFO [default] [ 93 ] Wrote particles to test.xyz
2018-06-21 09:44:20,222 INFO [default] [ 94 ] Wrote particles to test.xyz
2018-06-21 09:44:22,046 INFO [default] [ 95 ] Wrote particles to test.xyz
2018-06-21 09:44:23,813 INFO [default] [ 96 ] Wrote particles to test.xyz
2018-06-21 09:44:25,586 INFO [default] [ 97 ] Wrote particles to test.xyz
2018-06-21 09:44:27,371 INFO [default] [ 98 ] Wrote particles to test.xyz
2018-06-21 09:44:29,161 INFO [default] [ 99 ] Wrote particles to test.xyz
2018-06-21 09:44:30,981 INFO [default] [ 100 ] Wrote particles to test.xyz
2018-06-21 09:46:59,711 INFO [default] Active Filaments library initialized
2018-06-21 09:47:02,705 INFO [default] [ 1 ] Wrote particles to test.xyz
2018-06-21 09:47:15,997 INFO [default] [ 2 ] Wrote particles to test.xyz
2018-06-21 09:47:29,284 INFO [default] [ 3 ] Wrote particles to test.xyz
2018-06-21 09:47:42,695 INFO [default] [ 4 ] Wrote particles to test.xyz
2018-06-21 09:47:56,239 INFO [default] [ 5 ] Wrote particles to test.xyz
2018-06-21 09:48:10,127 INFO [default] [ 6 ] Wrote particles to test.xyz
2018-06-21 09:48:25,137 INFO [default] [ 7 ] Wrote particles to test.xyz
2018-06-21 09:48:40,963 INFO [default] [ 8 ] Wrote particles to test.xyz
2018-06-21 09:48:57,423 INFO [default] [ 9 ] Wrote particles to test.xyz
2018-06-21 09:49:14,543 INFO [default] [ 10 ] Wrote particles to test.xyz
2018-06-21 09:49:31,866 INFO [default] [ 11 ] Wrote particles to test.xyz
2018-06-21 09:49:49,962 INFO [default] [ 12 ] Wrote particles to test.xyz
2018-06-21 09:50:07,053 INFO [default] [ 13 ] Wrote particles to test.xyz
2018-06-21 09:51:15,303 INFO [default] [ 14 ] Wrote particles to test.xyz
